<?xml version="1.0" encoding="UTF-8"?>
<testsuite xmlns:xsi="http://www.w3.org/2001/XMLSchema-instance" xsi:noNamespaceSchemaLocation="https://maven.apache.org/surefire/maven-surefire-plugin/xsd/surefire-test-report.xsd" name="com.demo.controller.TestBalanceController" time="11.122" tests="2" errors="0" skipped="0" failures="0">
  <properties>
[...]
</properties>
  <testcase name="TestGetBalanceByAccountNumberWithResponse" classname="com.demo.controller.TestBalanceController" time="2.358"/>
  <testcase name="TestGetBalanceByAccountNumberStatusCode" classname="com.demo.controller.TestBalanceController" time="0.156"/>
</testsuite>